[2023-07-13 22:59:52.224]	Dev.info	orderingsystem/main.go:17	log init success!
[2023-07-13 23:00:34.466]	Dev.info	orderingsystem/main.go:17	log init success!
[2023-07-13 23:02:57.529]	Dev.info	orderingsystem/main.go:14	log init success!
[2023-07-15 18:06:02.848]	Dev.info	orderingsystem/main.go:14	log init success!
[2023-07-15 18:06:02.988]	Dev.info	bootstrap/router.go:35	start err!
[2023-07-22 18:11:57.013]	Dev.error	bootstrap/redis.go:19	Redis connect ping failed, err:	{"err": "dial tcp 172.27.221.16:6379: i/o timeout"}
[2023-07-22 18:12:16.860]	Dev.info	orderingsystem/main.go:14	log init success!
[2023-07-22 23:05:25.353]	Dev.info	orderingsystem/main.go:14	log init success!
[2023-07-23 19:39:27.384]	Dev.info	orderingsystem/main.go:14	log init success!
[2023-07-23 19:39:27.394]	Dev.error	bootstrap/db.go:43	mysql connect failed, err:	{"err": "Error 1049 (42000): Unknown database 'orderingsystem'"}
[2023-07-23 19:40:21.546]	Dev.info	orderingsystem/main.go:14	log init success!
[2023-07-23 19:52:24.024]	Dev.info	orderingsystem/main.go:14	log init success!
[2023-07-23 19:59:51.481]	Dev.info	orderingsystem/main.go:14	log init success!
[2023-07-23 20:01:55.060]	Dev.info	orderingsystem/main.go:14	log init success!
[2023-07-23 20:02:31.467]	Dev.info	orderingsystem/main.go:14	log init success!
[2023-07-23 20:04:34.751]	Dev.info	orderingsystem/main.go:14	log init success!
[2023-07-23 20:05:42.692]	Dev.info	orderingsystem/main.go:14	log init success!
[2023-07-23 20:06:32.343]	Dev.info	orderingsystem/main.go:14	log init success!
[2023-07-23 20:07:32.035]	Dev.info	orderingsystem/main.go:14	log init success!
[2023-07-23 20:24:13.923]	Dev.info	orderingsystem/main.go:14	log init success!
[2023-07-23 20:52:00.562]	Dev.info	orderingsystem/main.go:14	log init success!
[2023-07-23 20:52:46.953]	Dev.info	orderingsystem/main.go:14	log init success!
[2023-07-23 20:58:45.645]	Dev.info	orderingsystem/main.go:14	log init success!
[2023-07-23 21:00:52.134]	Dev.info	orderingsystem/main.go:14	log init success!
[2023-07-23 21:06:45.470]	Dev.info	orderingsystem/main.go:14	log init success!
[2023-07-23 21:09:57.624]	Dev.info	orderingsystem/main.go:14	log init success!
[2023-07-23 21:11:20.830]	Dev.info	orderingsystem/main.go:14	log init success!
[2023-07-23 21:12:00.955]	Dev.info	orderingsystem/main.go:14	log init success!
[2023-07-23 21:13:05.654]	Dev.info	orderingsystem/main.go:14	log init success!
[2023-07-23 21:16:22.052]	Dev.info	orderingsystem/main.go:14	log init success!
[2023-07-23 21:17:30.434]	Dev.info	orderingsystem/main.go:14	log init success!
[2023-07-23 21:18:07.652]	Dev.info	orderingsystem/main.go:14	log init success!
[2023-07-23 21:19:08.334]	Dev.info	orderingsystem/main.go:14	log init success!
[2023-07-23 21:20:55.851]	Dev.info	orderingsystem/main.go:14	log init success!
[2023-07-23 21:36:10.419]	Dev.info	orderingsystem/main.go:14	log init success!
[2023-07-23 21:37:14.763]	Dev.info	orderingsystem/main.go:14	log init success!
[2023-07-23 21:37:52.065]	Dev.info	orderingsystem/main.go:14	log init success!
[2023-07-23 21:39:59.646]	Dev.info	orderingsystem/main.go:14	log init success!
[2023-07-23 21:41:07.262]	Dev.info	orderingsystem/main.go:14	log init success!
[2023-07-23 21:48:13.281]	Dev.info	orderingsystem/main.go:14	log init success!
[2023-07-23 21:55:24.983]	Dev.info	orderingsystem/main.go:14	log init success!
[2023-07-23 22:02:51.013]	Dev.info	orderingsystem/main.go:14	log init success!
[2023-07-23 22:03:53.041]	Dev.info	orderingsystem/main.go:14	log init success!
[2023-07-23 22:06:05.849]	Dev.info	orderingsystem/main.go:14	log init success!
[2023-07-23 22:06:45.154]	Dev.info	orderingsystem/main.go:14	log init success!
[2023-07-23 22:07:56.563]	Dev.info	orderingsystem/main.go:14	log init success!
[2023-07-23 22:09:27.681]	Dev.info	orderingsystem/main.go:14	log init success!
[2023-07-23 22:13:15.108]	Dev.info	orderingsystem/main.go:14	log init success!
[2023-07-23 22:23:06.008]	Dev.info	orderingsystem/main.go:14	log init success!
[2023-07-23 22:24:25.143]	Dev.info	orderingsystem/main.go:14	log init success!
[2023-07-23 22:24:53.373]	Dev.info	orderingsystem/main.go:14	log init success!
[2023-07-23 22:28:05.033]	Dev.info	orderingsystem/main.go:14	log init success!
[2023-07-23 22:28:32.388]	Dev.info	orderingsystem/main.go:14	log init success!
[2023-07-31 21:20:46.130]	Dev.info	orderingsystem/main.go:14	log init success!
[2023-07-31 21:21:46.483]	Dev.info	orderingsystem/main.go:14	log init success!
[2023-07-31 21:41:38.377]	Dev.info	orderingsystem/main.go:14	log init success!
[2023-07-31 21:42:52.304]	Dev.info	orderingsystem/main.go:14	log init success!
[2023-07-31 22:11:01.223]	Dev.info	orderingsystem/main.go:14	log init success!
[2023-07-31 22:11:14.172]	Dev.info	orderingsystem/main.go:14	log init success!
[2023-07-31 22:37:36.269]	Dev.info	orderingsystem/main.go:14	log init success!
[2023-07-31 23:05:45.509]	Dev.info	orderingsystem/main.go:14	log init success!
[2023-07-31 23:06:47.564]	Dev.info	orderingsystem/main.go:14	log init success!
[2023-07-31 23:08:32.621]	Dev.info	orderingsystem/main.go:14	log init success!
[2023-07-31 23:11:40.667]	Dev.info	orderingsystem/main.go:14	log init success!
[2023-07-31 23:12:23.578]	Dev.info	orderingsystem/main.go:14	log init success!
[2023-07-31 23:13:10.677]	Dev.info	orderingsystem/main.go:14	log init success!
[2023-08-06 22:52:44.268]	Dev.info	orderingsystem/main.go:14	log init success!
[2023-08-06 23:00:06.629]	Dev.info	orderingsystem/main.go:14	log init success!
[2023-08-06 23:05:51.833]	Dev.info	orderingsystem/main.go:14	log init success!
[2023-08-06 23:08:00.009]	Dev.info	orderingsystem/main.go:14	log init success!
[2023-08-06 23:08:00.087]	Dev.error	bootstrap/db.go:60	migrate table failed	{"err": "Error 1830 (HY000): Column 'user_id' cannot be NOT NULL: needed in a foreign key constraint 'fk_users_shops' SET NULL"}
[2023-08-06 23:16:50.143]	Dev.info	orderingsystem/main.go:14	log init success!
[2023-08-06 23:16:50.209]	Dev.error	bootstrap/db.go:60	migrate table failed	{"err": "Error 1830 (HY000): Column 'user_id' cannot be NOT NULL: needed in a foreign key constraint 'fk_users_shops' SET NULL"}
[2023-08-06 23:17:49.714]	Dev.info	orderingsystem/main.go:14	log init success!
[2023-08-06 23:19:45.835]	Dev.info	orderingsystem/main.go:14	log init success!
[2023-08-06 23:24:27.539]	Dev.info	orderingsystem/main.go:14	log init success!
[2023-08-06 23:25:52.825]	Dev.info	orderingsystem/main.go:14	log init success!
[2023-08-06 23:26:35.918]	Dev.info	orderingsystem/main.go:14	log init success!
[2023-08-06 23:33:29.734]	Dev.info	orderingsystem/main.go:14	log init success!
[2023-08-06 23:34:17.192]	Dev.info	orderingsystem/main.go:14	log init success!
[2023-08-06 23:35:30.683]	Dev.info	orderingsystem/main.go:14	log init success!
[2023-08-06 23:35:45.713]	Dev.info	orderingsystem/main.go:14	log init success!
[2023-08-06 23:37:26.216]	Dev.info	orderingsystem/main.go:14	log init success!
[2023-08-06 23:39:11.993]	Dev.info	orderingsystem/main.go:14	log init success!
[2023-08-06 23:42:22.720]	Dev.info	orderingsystem/main.go:14	log init success!
[2023-08-06 23:46:27.028]	Dev.info	orderingsystem/main.go:14	log init success!
[2023-08-06 23:53:16.474]	Dev.info	orderingsystem/main.go:14	log init success!
[2023-08-06 23:58:44.777]	Dev.info	orderingsystem/main.go:14	log init success!
[2023-08-07 00:04:38.498]	Dev.info	orderingsystem/main.go:14	log init success!
[2023-08-07 00:15:47.034]	Dev.info	orderingsystem/main.go:14	log init success!
[2023-08-07 00:18:16.086]	Dev.info	orderingsystem/main.go:14	log init success!
[2023-08-07 00:23:51.279]	Dev.info	orderingsystem/main.go:14	log init success!
[2023-08-07 00:25:23.878]	Dev.info	orderingsystem/main.go:14	log init success!
[2023-08-07 21:37:53.057]	Dev.info	orderingsystem/main.go:14	log init success!
[2023-08-07 21:47:52.143]	Dev.info	orderingsystem/main.go:14	log init success!
[2023-08-07 21:51:12.239]	Dev.info	orderingsystem/main.go:14	log init success!
[2023-08-07 22:02:24.751]	Dev.info	orderingsystem/main.go:14	log init success!
[2023-08-07 23:29:09.568]	Dev.info	orderingsystem/main.go:14	log init success!
[2023-08-14 22:12:48.507]	Dev.info	videosystem/main.go:14	log init success!
[2023-08-14 22:13:09.552]	Dev.error	bootstrap/db.go:44	mysql connect failed, err:	{"err": "dial tcp 47.92.220.96:3306: connectex: A connection attempt failed because the connected party did not properly respond after a period of time, or established connection failed because connected host has failed to respond."}
[2023-08-14 22:13:29.686]	Dev.error	bootstrap/redis.go:19	Redis connect ping failed, err:	{"err": "dial tcp 47.92.220.96:6379: i/o timeout"}
[2023-08-14 22:13:29.700]	Dev.info	bootstrap/router.go:37	start err!
[2023-08-15 22:13:37.033]	Dev.info	videosystem/main.go:14	log init success!
[2023-08-15 22:13:58.127]	Dev.error	bootstrap/db.go:44	mysql connect failed, err:	{"err": "dial tcp 47.92.220.96:3306: connectex: A connection attempt failed because the connected party did not properly respond after a period of time, or established connection failed because connected host has failed to respond."}
[2023-08-15 22:14:18.244]	Dev.error	bootstrap/redis.go:19	Redis connect ping failed, err:	{"err": "dial tcp 47.92.220.96:6379: i/o timeout"}
[2023-08-15 22:52:41.860]	Dev.info	videosystem/main.go:14	log init success!
[2023-08-15 22:52:41.873]	Dev.error	bootstrap/db.go:61	migrate table failed	{"err": "invalid field found for struct orderingsystem/app/models.User's field Manager: define a valid foreign key for relations or implement the Valuer/Scanner interface"}
[2023-08-15 22:54:53.955]	Dev.info	videosystem/main.go:14	log init success!
[2023-08-15 22:54:53.980]	Dev.error	bootstrap/db.go:61	migrate table failed	{"err": "Error 1064 (42000): You have an error in your SQL syntax; check the manual that corresponds to your MySQL server version for the right syntax to use near 'COMMENT '管理员',PRIMARY KEY (`id`),CONSTRAINT `fk_users_manager` FOREIGN KEY' at line 1"}
[2023-08-15 23:04:46.760]	Dev.info	videosystem/main.go:14	log init success!
[2023-08-15 23:04:46.775]	Dev.error	bootstrap/db.go:61	migrate table failed	{"err": "Error 1064 (42000): You have an error in your SQL syntax; check the manual that corresponds to your MySQL server version for the right syntax to use near 'COMMENT '管理员',PRIMARY KEY (`id`),CONSTRAINT `fk_users_manager` FOREIGN KEY' at line 1"}
[2023-08-15 23:08:30.245]	Dev.info	videosystem/main.go:14	log init success!
[2023-08-15 23:08:30.259]	Dev.error	bootstrap/db.go:61	migrate table failed	{"err": "invalid field found for struct orderingsystem/app/models.User's field Manager: define a valid foreign key for relations or implement the Valuer/Scanner interface"}
[2023-08-15 23:09:01.205]	Dev.info	videosystem/main.go:14	log init success!
[2023-08-15 23:09:01.214]	Dev.error	bootstrap/db.go:61	migrate table failed	{"err": "invalid field found for struct orderingsystem/app/models.User's field Manager: define a valid foreign key for relations or implement the Valuer/Scanner interface"}
[2023-08-15 23:09:33.269]	Dev.info	videosystem/main.go:14	log init success!
[2023-08-15 23:09:33.280]	Dev.error	bootstrap/db.go:61	migrate table failed	{"err": "invalid field found for struct orderingsystem/app/models.User's field Manager: define a valid foreign key for relations or implement the Valuer/Scanner interface"}
[2023-08-15 23:12:31.779]	Dev.info	videosystem/main.go:14	log init success!
[2023-08-15 23:12:31.792]	Dev.error	bootstrap/db.go:61	migrate table failed	{"err": "Error 1064 (42000): You have an error in your SQL syntax; check the manual that corresponds to your MySQL server version for the right syntax to use near ',PRIMARY KEY (`id`),CONSTRAINT `fk_users_users` FOREIGN KEY (`manager_id`) REFER' at line 1"}
[2023-08-15 23:13:17.396]	Dev.info	videosystem/main.go:14	log init success!
[2023-08-15 23:13:17.408]	Dev.error	bootstrap/db.go:61	migrate table failed	{"err": "Error 1064 (42000): You have an error in your SQL syntax; check the manual that corresponds to your MySQL server version for the right syntax to use near ',PRIMARY KEY (`id`),CONSTRAINT `fk_users_users` FOREIGN KEY (`manager_id`) REFER' at line 1"}
[2023-08-15 23:15:06.536]	Dev.info	videosystem/main.go:14	log init success!
[2023-08-15 23:15:06.551]	Dev.error	bootstrap/db.go:61	migrate table failed	{"err": "Error 1064 (42000): You have an error in your SQL syntax; check the manual that corresponds to your MySQL server version for the right syntax to use near ',PRIMARY KEY (`id`),CONSTRAINT `fk_users_son_list` FOREIGN KEY (`manager_id`) RE' at line 1"}
[2023-08-15 23:18:57.711]	Dev.info	videosystem/main.go:14	log init success!
[2023-08-15 23:18:57.726]	Dev.error	bootstrap/db.go:61	migrate table failed	{"err": "Error 1064 (42000): You have an error in your SQL syntax; check the manual that corresponds to your MySQL server version for the right syntax to use near ',PRIMARY KEY (`id`),CONSTRAINT `fk_users_son_list` FOREIGN KEY (`id`) REFERENCES' at line 1"}
[2023-08-15 23:26:13.833]	Dev.info	videosystem/main.go:14	log init success!
[2023-08-15 23:27:38.378]	Dev.info	videosystem/main.go:14	log init success!
[2023-08-15 23:27:38.418]	Dev.error	bootstrap/db.go:61	migrate table failed	{"err": "Error 1064 (42000): You have an error in your SQL syntax; check the manual that corresponds to your MySQL server version for the right syntax to use near 'COMMENT '用户列表'' at line 1"}
[2023-08-15 23:28:38.961]	Dev.info	videosystem/main.go:14	log init success!
[2023-08-15 23:28:38.974]	Dev.error	bootstrap/db.go:61	migrate table failed	{"err": "Error 1064 (42000): You have an error in your SQL syntax; check the manual that corresponds to your MySQL server version for the right syntax to use near 'COMMENT '用户列表',PRIMARY KEY (`id`),CONSTRAINT `fk_users_user_list` FOREIG' at line 1"}
[2023-08-15 23:29:03.836]	Dev.info	videosystem/main.go:14	log init success!
[2023-08-15 23:29:43.089]	Dev.info	videosystem/main.go:14	log init success!
[2023-08-17 21:08:43.087]	Dev.info	videosystem/main.go:14	log init success!
[2023-08-18 22:33:32.736]	Dev.info	videosystem/main.go:14	log init success!
[2023-08-18 22:34:59.101]	Dev.info	videosystem/main.go:14	log init success!
[2023-08-18 22:35:57.190]	Dev.info	videosystem/main.go:14	log init success!
[2023-08-18 23:35:13.479]	Dev.info	videosystem/main.go:14	log init success!
[2023-08-19 00:01:54.517]	Dev.info	videosystem/main.go:14	log init success!
[2023-08-19 00:03:07.357]	Dev.info	videosystem/main.go:14	log init success!
[2023-08-19 17:30:10.949]	Dev.info	videosystem/main.go:14	log init success!
[2023-08-19 18:15:21.867]	Dev.info	videosystem/main.go:14	log init success!
[2023-08-19 18:34:05.249]	Dev.info	videosystem/main.go:14	log init success!
[2023-08-19 18:57:34.264]	Dev.info	videosystem/main.go:14	log init success!
[2023-08-19 19:01:00.154]	Dev.info	videosystem/main.go:14	log init success!
[2023-08-19 19:02:11.828]	Dev.info	videosystem/main.go:14	log init success!
[2023-08-19 19:07:33.994]	Dev.info	videosystem/main.go:14	log init success!
[2023-08-19 19:08:06.542]	Dev.info	videosystem/main.go:14	log init success!
[2023-08-19 19:12:20.825]	Dev.info	videosystem/main.go:14	log init success!
[2023-08-19 22:18:40.628]	Dev.info	videosystem/main.go:14	log init success!
[2023-08-19 22:58:03.393]	Dev.info	videosystem/main.go:14	log init success!
